{
  "stats": {
    "suites": 3,
    "tests": 13,
    "passes": 13,
    "pending": 0,
    "failures": 0,
    "start": "2023-06-15T03:33:55.924Z",
    "end": "2023-06-15T03:33:57.658Z",
    "duration": 1734,
    "testsRegistered": 13,
    "passPercent": 100,
    "pendingPercent": 0,
    "other": 0,
    "hasOther": false,
    "skipped": 0,
    "hasSkipped": false
  },
  "results": [
    {
      "uuid": "4476ab5c-d188-4e9d-8342-58aa313967ea",
      "title": "",
      "fullFile": "",
      "file": "",
      "beforeHooks": [],
      "afterHooks": [],
      "tests": [],
      "suites": [
        {
          "uuid": "a1a38936-b4ca-45cc-98ed-7c691221d8f4",
          "title": "POST /users",
          "fullFile": "D:\\FA\\Thang 05\\17-05\\2_Assignments\\NodeJs_Training\\test\\1_auth.test.js",
          "file": "\\test\\1_auth.test.js",
          "beforeHooks": [
            {
              "title": "\"before all\" hook in \"POST /users\"",
              "fullTitle": "POST /users \"before all\" hook in \"POST /users\"",
              "timedOut": false,
              "duration": 130,
              "state": null,
              "speed": null,
              "pass": false,
              "fail": false,
              "pending": false,
              "context": null,
              "code": "// Delete all existing users before each test\nawait User.destroy({ where: {userName: 'testuser'} });",
              "err": {},
              "uuid": "25e9d4cd-8463-4f6d-b3d5-ccc85429af85",
              "parentUUID": "a1a38936-b4ca-45cc-98ed-7c691221d8f4",
              "isHook": true,
              "skipped": false
            }
          ],
          "afterHooks": [],
          "tests": [
            {
              "title": "Create new user successfully",
              "fullTitle": "POST /users Create new user successfully",
              "timedOut": false,
              "duration": 295,
              "state": "passed",
              "speed": "slow",
              "pass": true,
              "fail": false,
              "pending": false,
              "context": null,
              "code": "const newUser = {\n  userName: 'testuser',\n  password: 'Test@123',\n  employeeNumber: 9,\n};\nchai.request(app)\n  .post('/user/register')\n  .send(newUser)\n  .end((err, res) => {\n    res.should.have.status(200);\n    res.body.should.be.a('object');\n    res.body.should.have.property('user');\n    res.body.user.should.have.property('userName').eql(newUser.userName);\n    res.body.user.should.have.property('employeeNumber').eql(newUser.employeeNumber);\n    res.body.should.have.property('token');\n    done();\n  });",
              "err": {},
              "uuid": "ba3e5835-c7d2-4849-8c33-ca00115f5082",
              "parentUUID": "a1a38936-b4ca-45cc-98ed-7c691221d8f4",
              "isHook": false,
              "skipped": false
            },
            {
              "title": "Create new user fails with invalid data",
              "fullTitle": "POST /users Create new user fails with invalid data",
              "timedOut": false,
              "duration": 30,
              "state": "passed",
              "speed": "fast",
              "pass": true,
              "fail": false,
              "pending": false,
              "context": null,
              "code": "const invalidUser = {\n  userName: 'te',\n  password: 'Test123',\n  employeeNumber: 2,\n};\nchai.request(app)\n  .post('/user/register')\n  .send(invalidUser)\n  .end((err, res) => {\n    res.should.have.status(400);\n    res.body.should.be.a('object');\n    res.body.should.have.property('message');\n    done();\n  });",
              "err": {},
              "uuid": "e2f6c98c-04b5-4fbb-98d2-b24874523305",
              "parentUUID": "a1a38936-b4ca-45cc-98ed-7c691221d8f4",
              "isHook": false,
              "skipped": false
            },
            {
              "title": "Login user with valid credentials",
              "fullTitle": "POST /users Login user with valid credentials",
              "timedOut": false,
              "duration": 195,
              "state": "passed",
              "speed": "slow",
              "pass": true,
              "fail": false,
              "pending": false,
              "context": null,
              "code": "loginUser().then((res) => {\n  res.should.have.status(200);\n  res.body.should.be.a('object');\n  res.body.should.have.property('token');\n  done();\n});",
              "err": {},
              "uuid": "80e53511-9c86-4a3b-8ad3-d5126f66e8ba",
              "parentUUID": "a1a38936-b4ca-45cc-98ed-7c691221d8f4",
              "isHook": false,
              "skipped": false
            }
          ],
          "suites": [],
          "passes": [
            "ba3e5835-c7d2-4849-8c33-ca00115f5082",
            "e2f6c98c-04b5-4fbb-98d2-b24874523305",
            "80e53511-9c86-4a3b-8ad3-d5126f66e8ba"
          ],
          "failures": [],
          "pending": [],
          "skipped": [],
          "duration": 520,
          "root": false,
          "rootEmpty": false,
          "_timeout": 2000
        },
        {
          "uuid": "4c38db51-5536-4225-9e9f-2a088483ad52",
          "title": "Employee Test",
          "fullFile": "D:\\FA\\Thang 05\\17-05\\2_Assignments\\NodeJs_Training\\test\\2_employee.test.js",
          "file": "\\test\\2_employee.test.js",
          "beforeHooks": [
            {
              "title": "\"before all\" hook in \"Employee Test\"",
              "fullTitle": "Employee Test \"before all\" hook in \"Employee Test\"",
              "timedOut": false,
              "duration": 190,
              "state": null,
              "speed": null,
              "pass": false,
              "fail": false,
              "pending": false,
              "context": null,
              "code": "const loginResponse = await loginUser();\ntoken = loginResponse.body.token;",
              "err": {},
              "uuid": "906d8ea3-22ff-4ba4-9c3f-1fefca40cab1",
              "parentUUID": "4c38db51-5536-4225-9e9f-2a088483ad52",
              "isHook": true,
              "skipped": false
            }
          ],
          "afterHooks": [],
          "tests": [
            {
              "title": "Fetch list of employees",
              "fullTitle": "Employee Test Fetch list of employees",
              "timedOut": false,
              "duration": 147,
              "state": "passed",
              "speed": "slow",
              "pass": true,
              "fail": false,
              "pending": false,
              "context": null,
              "code": "chai.request(app)\n  .get('/employees')\n  .set('Authorization', `Bearer ${token}`)\n  .end((err, res) => {\n    res.should.have.status(200);\n    res.body.data.should.be.a('array');\n    done();\n  });",
              "err": {},
              "uuid": "c2910caa-1b45-45cc-b504-ffeb5979976c",
              "parentUUID": "4c38db51-5536-4225-9e9f-2a088483ad52",
              "isHook": false,
              "skipped": false
            },
            {
              "title": "Create new employee successfully",
              "fullTitle": "Employee Test Create new employee successfully",
              "timedOut": false,
              "duration": 40,
              "state": "passed",
              "speed": "medium",
              "pass": true,
              "fail": false,
              "pending": false,
              "context": null,
              "code": "const newEmployee = {\n  firstName: \"Alight\",\n  lastName: \"Legend\",\n  extension: \"Legend\",\n  email: \"111@gmail.com\",\n  officeCode: 3,\n  reportsTo: null,\n  jobTitle: \"president\",\n  roleId: 1\n};\nchai.request(app)\n  .post('/employees')\n  .set('Authorization', `Bearer ${token}`)\n  .send(newEmployee)\n  .end((err, res) => {\n    res.should.have.status(201);\n    res.body.should.be.a('object');\n    res.body.should.have.property('status').eql(\"Success\");\n    res.body.should.have.property('message').eql(\"Employee created successfully\");\n    idTest = res.body.data.id;\n    done();\n  });",
              "err": {},
              "uuid": "bd012104-5173-4932-870a-6989d8cf438e",
              "parentUUID": "4c38db51-5536-4225-9e9f-2a088483ad52",
              "isHook": false,
              "skipped": false
            },
            {
              "title": "Fetch employee by newly created ID",
              "fullTitle": "Employee Test Fetch employee by newly created ID",
              "timedOut": false,
              "duration": 30,
              "state": "passed",
              "speed": "fast",
              "pass": true,
              "fail": false,
              "pending": false,
              "context": null,
              "code": "chai.request(app)\n  .get(`/employees/${idTest}`)\n  .set('Authorization', `Bearer ${token}`)\n  .end((err, res) => {\n    res.should.have.status(200);\n    res.body.data.should.be.a('object');\n    done();\n  });",
              "err": {},
              "uuid": "00a1db20-a8ab-4010-96a3-aacc1a0c0fc1",
              "parentUUID": "4c38db51-5536-4225-9e9f-2a088483ad52",
              "isHook": false,
              "skipped": false
            },
            {
              "title": "Update employee successfully",
              "fullTitle": "Employee Test Update employee successfully",
              "timedOut": false,
              "duration": 100,
              "state": "passed",
              "speed": "slow",
              "pass": true,
              "fail": false,
              "pending": false,
              "context": null,
              "code": "const updatedEmployee = {\n  firstName: \"Updated\",\n  extension: \"Legend\",\n  email: \"updated@gmail.com\",\n  officeCode:  3,\n  reportsTo: 2,\n  jobTitle: \"president\",\n  roleId: 1\n};\nchai.request(app)\n  .put(`/employees/${idTest}`)\n  .set('Authorization', `Bearer ${token}`)\n  .send(updatedEmployee)\n  .end((err, res) => {\n    res.should.have.status(200);\n    res.body.should.be.a('object');\n    res.body.should.have.property('message').eql('Employee updated successfully');\n    done();\n  });",
              "err": {},
              "uuid": "2e5565ff-6e06-45b2-810f-f8c4dc50dc34",
              "parentUUID": "4c38db51-5536-4225-9e9f-2a088483ad52",
              "isHook": false,
              "skipped": false
            },
            {
              "title": "Delete employee successfully",
              "fullTitle": "Employee Test Delete employee successfully",
              "timedOut": false,
              "duration": 38,
              "state": "passed",
              "speed": "medium",
              "pass": true,
              "fail": false,
              "pending": false,
              "context": null,
              "code": "chai.request(app)\n  .delete(`/employees/${idTest}`)\n  .set('Authorization', `Bearer ${token}`)\n  .end((err, res) => {\n    res.should.have.status(200);\n    res.body.should.be.a('object');\n    res.body.should.have.property('message').eql('Employee deleted successfully');\n    done();\n  });",
              "err": {},
              "uuid": "f9cc4860-e6da-4292-87d2-50cdb271ec29",
              "parentUUID": "4c38db51-5536-4225-9e9f-2a088483ad52",
              "isHook": false,
              "skipped": false
            }
          ],
          "suites": [],
          "passes": [
            "c2910caa-1b45-45cc-b504-ffeb5979976c",
            "bd012104-5173-4932-870a-6989d8cf438e",
            "00a1db20-a8ab-4010-96a3-aacc1a0c0fc1",
            "2e5565ff-6e06-45b2-810f-f8c4dc50dc34",
            "f9cc4860-e6da-4292-87d2-50cdb271ec29"
          ],
          "failures": [],
          "pending": [],
          "skipped": [],
          "duration": 355,
          "root": false,
          "rootEmpty": false,
          "_timeout": 2000
        },
        {
          "uuid": "6ee21dbf-0f46-41a6-8596-2f8b6204dc12",
          "title": "Customer Test",
          "fullFile": "D:\\FA\\Thang 05\\17-05\\2_Assignments\\NodeJs_Training\\test\\3_customer.test.js",
          "file": "\\test\\3_customer.test.js",
          "beforeHooks": [
            {
              "title": "\"before all\" hook in \"Customer Test\"",
              "fullTitle": "Customer Test \"before all\" hook in \"Customer Test\"",
              "timedOut": false,
              "duration": 316,
              "state": null,
              "speed": null,
              "pass": false,
              "fail": false,
              "pending": false,
              "context": null,
              "code": "const loginResponse = await loginUser();\ntoken = loginResponse.body.token;",
              "err": {},
              "uuid": "0200616f-cd70-4f1e-b0ef-3c78780d8612",
              "parentUUID": "6ee21dbf-0f46-41a6-8596-2f8b6204dc12",
              "isHook": true,
              "skipped": false
            }
          ],
          "afterHooks": [
            {
              "title": "\"after all\" hook in \"Customer Test\"",
              "fullTitle": "Customer Test \"after all\" hook in \"Customer Test\"",
              "timedOut": false,
              "duration": 2,
              "state": null,
              "speed": null,
              "pass": false,
              "fail": false,
              "pending": false,
              "context": null,
              "code": "// Delete the user with username 'testUser' after all tests are completed\nawait User.destroy({ where: {userName: 'testuser'} });",
              "err": {},
              "uuid": "cef6298f-266a-4b63-a0aa-45ebf470a558",
              "parentUUID": "6ee21dbf-0f46-41a6-8596-2f8b6204dc12",
              "isHook": true,
              "skipped": false
            }
          ],
          "tests": [
            {
              "title": "Fetch list of customers",
              "fullTitle": "Customer Test Fetch list of customers",
              "timedOut": false,
              "duration": 38,
              "state": "passed",
              "speed": "medium",
              "pass": true,
              "fail": false,
              "pending": false,
              "context": null,
              "code": "chai.request(app)\n  .get('/customers')\n  .set('Authorization', `Bearer ${token}`)\n  .end((err, res) => {\n    res.should.have.status(200);\n    res.body.data.should.be.a('array');\n    done();\n  });",
              "err": {},
              "uuid": "ada8bbee-fdcd-49fd-80a2-bc216142f25d",
              "parentUUID": "6ee21dbf-0f46-41a6-8596-2f8b6204dc12",
              "isHook": false,
              "skipped": false
            },
            {
              "title": "Create new customer successfully",
              "fullTitle": "Customer Test Create new customer successfully",
              "timedOut": false,
              "duration": 30,
              "state": "passed",
              "speed": "fast",
              "pass": true,
              "fail": false,
              "pending": false,
              "context": null,
              "code": "const newCustomer = {\n  customerName: \"New Customer\",\n  contactLastName: \"Doe\",\n  contactFirstName: \"John\",\n  phone: \"1234567890\",\n  addressLine1: \"123 Main Street\",\n  addressLine2: null,\n  city: \"New York\",\n  state: \"NY\",\n  postalCode: \"10001\",\n  country: \"USA\",\n  salesRepEmployeeNumber: 1,\n  creditLimit: 1000,\n};\n\nchai.request(app)\n  .post('/customers')\n  .set('Authorization', `Bearer ${token}`)\n  .send(newCustomer)\n  .end((err, res) => {\n    res.should.have.status(201);\n    res.body.should.be.a('object');\n    res.body.should.have.property('status').eql(\"Success\");\n    res.body.should.have.property('message').eql(\"Created customer successfully\");\n    customerId = res.body.data.customerNumber;\n    done();\n  });",
              "err": {},
              "uuid": "370eb8f3-8e15-4293-803c-906120e3dc5b",
              "parentUUID": "6ee21dbf-0f46-41a6-8596-2f8b6204dc12",
              "isHook": false,
              "skipped": false
            },
            {
              "title": "Fetch customer by newly created ID",
              "fullTitle": "Customer Test Fetch customer by newly created ID",
              "timedOut": false,
              "duration": 28,
              "state": "passed",
              "speed": "fast",
              "pass": true,
              "fail": false,
              "pending": false,
              "context": null,
              "code": "chai.request(app)\n  .get(`/customers/${customerId}`)\n  .set('Authorization', `Bearer ${token}`)\n  .end((err, res) => {\n    res.should.have.status(200);\n    res.body.data.should.be.a('object');\n    done();\n  });",
              "err": {},
              "uuid": "f2734c2a-8445-478d-bab8-f62d48565325",
              "parentUUID": "6ee21dbf-0f46-41a6-8596-2f8b6204dc12",
              "isHook": false,
              "skipped": false
            },
            {
              "title": "Update customer successfully",
              "fullTitle": "Customer Test Update customer successfully",
              "timedOut": false,
              "duration": 27,
              "state": "passed",
              "speed": "fast",
              "pass": true,
              "fail": false,
              "pending": false,
              "context": null,
              "code": "const updatedCustomer = {\n  customerName: \"Updated Customer\",\n  contactLastName: \"Smith\",\n  contactFirstName: \"Jane\",\n  phone: \"0987654321\",\n  addressLine1: \"456 Main Street\",\n  city: \"New York\",\n  country: \"USA\"\n};\n\nchai.request(app)\n  .put(`/customers/${customerId}`)\n  .set('Authorization', `Bearer ${token}`)\n  .send(updatedCustomer)\n  .end((err, res) => {\n    res.should.have.status(200);\n    res.body.should.be.a('object');\n    res.body.should.have.property('message').eql('Updated customer successfully');\n    done();\n  });",
              "err": {},
              "uuid": "58dbfe5e-1caa-4a63-9384-cbf89aedb727",
              "parentUUID": "6ee21dbf-0f46-41a6-8596-2f8b6204dc12",
              "isHook": false,
              "skipped": false
            },
            {
              "title": "Delete customer successfully",
              "fullTitle": "Customer Test Delete customer successfully",
              "timedOut": false,
              "duration": 26,
              "state": "passed",
              "speed": "fast",
              "pass": true,
              "fail": false,
              "pending": false,
              "context": null,
              "code": "chai.request(app)\n  .delete(`/customers/${customerId}`)\n  .set('Authorization', `Bearer ${token}`)\n  .end((err, res) => {\n    res.should.have.status(204);\n    res.body.should.be.a('object');\n    done();\n  });",
              "err": {},
              "uuid": "052d3e61-f225-41dd-a588-dc924296d75c",
              "parentUUID": "6ee21dbf-0f46-41a6-8596-2f8b6204dc12",
              "isHook": false,
              "skipped": false
            }
          ],
          "suites": [],
          "passes": [
            "ada8bbee-fdcd-49fd-80a2-bc216142f25d",
            "370eb8f3-8e15-4293-803c-906120e3dc5b",
            "f2734c2a-8445-478d-bab8-f62d48565325",
            "58dbfe5e-1caa-4a63-9384-cbf89aedb727",
            "052d3e61-f225-41dd-a588-dc924296d75c"
          ],
          "failures": [],
          "pending": [],
          "skipped": [],
          "duration": 149,
          "root": false,
          "rootEmpty": false,
          "_timeout": 2000
        }
      ],
      "passes": [],
      "failures": [],
      "pending": [],
      "skipped": [],
      "duration": 0,
      "root": true,
      "rootEmpty": true,
      "_timeout": 2000
    }
  ],
  "meta": {
    "mocha": {
      "version": "10.2.0"
    },
    "mochawesome": {
      "options": {
        "quiet": false,
        "reportFilename": "mochawesome",
        "saveHtml": true,
        "saveJson": true,
        "consoleReporter": "spec",
        "useInlineDiffs": false,
        "code": true
      },
      "version": "7.1.3"
    },
    "marge": {
      "options": null,
      "version": "6.2.0"
    }
  }
}