{
  "stats": {
    "suites": 2,
    "tests": 8,
    "passes": 8,
    "pending": 0,
    "failures": 0,
    "start": "2023-06-13T03:56:48.267Z",
    "end": "2023-06-13T03:56:49.991Z",
    "duration": 1724,
    "testsRegistered": 8,
    "passPercent": 100,
    "pendingPercent": 0,
    "other": 0,
    "hasOther": false,
    "skipped": 0,
    "hasSkipped": false
  },
  "results": [
    {
      "uuid": "183eec61-160f-4856-aa7d-afbb6cf282e6",
      "title": "",
      "fullFile": "",
      "file": "",
      "beforeHooks": [],
      "afterHooks": [],
      "tests": [],
      "suites": [
        {
          "uuid": "e9292a85-e95b-4b7b-9506-c59fc3176300",
          "title": "POST /users",
          "fullFile": "D:\\FA\\Thang 05\\17-05\\2_Assignments\\NodeJs_Training\\test\\auth.test.js",
          "file": "\\test\\auth.test.js",
          "beforeHooks": [
            {
              "title": "\"before all\" hook in \"POST /users\"",
              "fullTitle": "POST /users \"before all\" hook in \"POST /users\"",
              "timedOut": false,
              "duration": 136,
              "state": null,
              "speed": null,
              "pass": false,
              "fail": false,
              "pending": false,
              "context": null,
              "code": "// Delete all existing users before each test\nawait User.destroy({ where: {} });",
              "err": {},
              "uuid": "fc4325f7-c766-49b9-aa9b-5513611271c6",
              "parentUUID": "e9292a85-e95b-4b7b-9506-c59fc3176300",
              "isHook": true,
              "skipped": false
            }
          ],
          "afterHooks": [],
          "tests": [
            {
              "title": "Create new user successfully",
              "fullTitle": "POST /users Create new user successfully",
              "timedOut": false,
              "duration": 371,
              "state": "passed",
              "speed": "slow",
              "pass": true,
              "fail": false,
              "pending": false,
              "context": null,
              "code": "const newUser = {\n  userName: 'testuser',\n  password: 'Test@123',\n  employeeNumber: 1,\n};\nchai.request(app)\n  .post('/user/register')\n  .send(newUser)\n  .end((err, res) => {\n    res.should.have.status(200);\n    res.body.should.be.a('object');\n    res.body.should.have.property('user');\n    res.body.user.should.have.property('userName').eql(newUser.userName);\n    res.body.user.should.have.property('employeeNumber').eql(newUser.employeeNumber);\n    res.body.should.have.property('token');\n    done();\n  });",
              "err": {},
              "uuid": "380b3295-3094-432d-bce7-8dfcbd9f2b94",
              "parentUUID": "e9292a85-e95b-4b7b-9506-c59fc3176300",
              "isHook": false,
              "skipped": false
            },
            {
              "title": "Create new user fails with invalid data",
              "fullTitle": "POST /users Create new user fails with invalid data",
              "timedOut": false,
              "duration": 45,
              "state": "passed",
              "speed": "medium",
              "pass": true,
              "fail": false,
              "pending": false,
              "context": null,
              "code": "const invalidUser = {\n  userName: 'te',\n  password: 'Test123',\n  employeeNumber: 2,\n};\nchai.request(app)\n  .post('/user/register')\n  .send(invalidUser)\n  .end((err, res) => {\n    res.should.have.status(400);\n    res.body.should.be.a('object');\n    res.body.should.have.property('message');\n    done();\n  });",
              "err": {},
              "uuid": "ba6ae681-cb8e-4ded-921f-ad558c582144",
              "parentUUID": "e9292a85-e95b-4b7b-9506-c59fc3176300",
              "isHook": false,
              "skipped": false
            },
            {
              "title": "Login user with valid credentials",
              "fullTitle": "POST /users Login user with valid credentials",
              "timedOut": false,
              "duration": 285,
              "state": "passed",
              "speed": "slow",
              "pass": true,
              "fail": false,
              "pending": false,
              "context": null,
              "code": "loginUser().then((res) => {\n  res.should.have.status(200);\n  res.body.should.be.a('object');\n  res.body.should.have.property('token');\n  done();\n});",
              "err": {},
              "uuid": "4fffcdc5-110f-4caa-bbdd-b75bda06db7f",
              "parentUUID": "e9292a85-e95b-4b7b-9506-c59fc3176300",
              "isHook": false,
              "skipped": false
            }
          ],
          "suites": [],
          "passes": [
            "380b3295-3094-432d-bce7-8dfcbd9f2b94",
            "ba6ae681-cb8e-4ded-921f-ad558c582144",
            "4fffcdc5-110f-4caa-bbdd-b75bda06db7f"
          ],
          "failures": [],
          "pending": [],
          "skipped": [],
          "duration": 701,
          "root": false,
          "rootEmpty": false,
          "_timeout": 2000
        },
        {
          "uuid": "40b8cabf-f16d-45ad-b71b-b626e88ea6ef",
          "title": "Employee Test",
          "fullFile": "D:\\FA\\Thang 05\\17-05\\2_Assignments\\NodeJs_Training\\test\\employee.test.js",
          "file": "\\test\\employee.test.js",
          "beforeHooks": [
            {
              "title": "\"before all\" hook in \"Employee Test\"",
              "fullTitle": "Employee Test \"before all\" hook in \"Employee Test\"",
              "timedOut": false,
              "duration": 303,
              "state": null,
              "speed": null,
              "pass": false,
              "fail": false,
              "pending": false,
              "context": null,
              "code": "const loginResponse = await loginUser();\ntoken = loginResponse.body.token;",
              "err": {},
              "uuid": "5c75351f-e1a7-4733-a626-8239b6eecded",
              "parentUUID": "40b8cabf-f16d-45ad-b71b-b626e88ea6ef",
              "isHook": true,
              "skipped": false
            }
          ],
          "afterHooks": [],
          "tests": [
            {
              "title": "Fetch list of employees",
              "fullTitle": "Employee Test Fetch list of employees",
              "timedOut": false,
              "duration": 108,
              "state": "passed",
              "speed": "slow",
              "pass": true,
              "fail": false,
              "pending": false,
              "context": null,
              "code": "chai.request(app)\n  .get('/employees')\n  .set('Authorization', `Bearer ${token}`)\n  .end((err, res) => {\n    res.should.have.status(200);\n    res.body.data.should.be.a('array');\n    done();\n  });",
              "err": {},
              "uuid": "16088d8c-9b89-4ca7-a9d3-a9b48733eec1",
              "parentUUID": "40b8cabf-f16d-45ad-b71b-b626e88ea6ef",
              "isHook": false,
              "skipped": false
            },
            {
              "title": "Create new employee successfully",
              "fullTitle": "Employee Test Create new employee successfully",
              "timedOut": false,
              "duration": 46,
              "state": "passed",
              "speed": "medium",
              "pass": true,
              "fail": false,
              "pending": false,
              "context": null,
              "code": "const newEmployee = {\n  firstName: \"Alight\",\n  lastName: \"Legend\",\n  extension: \"Legend\",\n  email: \"111@gmail.com\",\n  officeCode: 3,\n  reportsTo: null,\n  jobTitle: \"president\",\n  roleId: 1\n};\nchai.request(app)\n  .post('/employees')\n  .set('Authorization', `Bearer ${token}`)\n  .send(newEmployee)\n  .end((err, res) => {\n    res.should.have.status(201);\n    res.body.should.be.a('object');\n    res.body.should.have.property('status').eql(\"Success\");\n    res.body.should.have.property('message').eql(\"Employee created successfully\");\n    idTest = res.body.data.id;\n    done();\n  });",
              "err": {},
              "uuid": "8c6da076-06b9-4ba6-9604-575d579fa55f",
              "parentUUID": "40b8cabf-f16d-45ad-b71b-b626e88ea6ef",
              "isHook": false,
              "skipped": false
            },
            {
              "title": "Fetch employee by newly created ID",
              "fullTitle": "Employee Test Fetch employee by newly created ID",
              "timedOut": false,
              "duration": 39,
              "state": "passed",
              "speed": "medium",
              "pass": true,
              "fail": false,
              "pending": false,
              "context": null,
              "code": "chai.request(app)\n  .get(`/employees/${idTest}`)\n  .set('Authorization', `Bearer ${token}`)\n  .end((err, res) => {\n    res.should.have.status(200);\n    res.body.data.should.be.a('object');\n    done();\n  });",
              "err": {},
              "uuid": "95d8ac24-1e87-44b0-b091-e12c8cf95994",
              "parentUUID": "40b8cabf-f16d-45ad-b71b-b626e88ea6ef",
              "isHook": false,
              "skipped": false
            },
            {
              "title": "Update employee successfully",
              "fullTitle": "Employee Test Update employee successfully",
              "timedOut": false,
              "duration": 73,
              "state": "passed",
              "speed": "medium",
              "pass": true,
              "fail": false,
              "pending": false,
              "context": null,
              "code": "const updatedEmployee = {\n  firstName: \"Updated\",\n  extension: \"Legend\",\n  email: \"updated@gmail.com\",\n  officeCode:  3,\n  reportsTo: 2,\n  jobTitle: \"president\",\n  roleId: 1\n};\nchai.request(app)\n  .put(`/employees/${idTest}`)\n  .set('Authorization', `Bearer ${token}`)\n  .send(updatedEmployee)\n  .end((err, res) => {\n    res.should.have.status(200);\n    res.body.should.be.a('object');\n    res.body.should.have.property('message').eql('Employee updated successfully');\n    done();\n  });",
              "err": {},
              "uuid": "878cc099-7893-4e78-911e-738f10bf2c15",
              "parentUUID": "40b8cabf-f16d-45ad-b71b-b626e88ea6ef",
              "isHook": false,
              "skipped": false
            },
            {
              "title": "Delete employee successfully",
              "fullTitle": "Employee Test Delete employee successfully",
              "timedOut": false,
              "duration": 41,
              "state": "passed",
              "speed": "medium",
              "pass": true,
              "fail": false,
              "pending": false,
              "context": null,
              "code": "chai.request(app)\n  .delete(`/employees/${idTest}`)\n  .set('Authorization', `Bearer ${token}`)\n  .end((err, res) => {\n    res.should.have.status(200);\n    res.body.should.be.a('object');\n    res.body.should.have.property('message').eql('Employee deleted successfully');\n    done();\n  });",
              "err": {},
              "uuid": "b88df09e-3051-4e91-b94d-e766bf1c189e",
              "parentUUID": "40b8cabf-f16d-45ad-b71b-b626e88ea6ef",
              "isHook": false,
              "skipped": false
            }
          ],
          "suites": [],
          "passes": [
            "16088d8c-9b89-4ca7-a9d3-a9b48733eec1",
            "8c6da076-06b9-4ba6-9604-575d579fa55f",
            "95d8ac24-1e87-44b0-b091-e12c8cf95994",
            "878cc099-7893-4e78-911e-738f10bf2c15",
            "b88df09e-3051-4e91-b94d-e766bf1c189e"
          ],
          "failures": [],
          "pending": [],
          "skipped": [],
          "duration": 307,
          "root": false,
          "rootEmpty": false,
          "_timeout": 2000
        }
      ],
      "passes": [],
      "failures": [],
      "pending": [],
      "skipped": [],
      "duration": 0,
      "root": true,
      "rootEmpty": true,
      "_timeout": 2000
    }
  ],
  "meta": {
    "mocha": {
      "version": "10.2.0"
    },
    "mochawesome": {
      "options": {
        "quiet": false,
        "reportFilename": "mochawesome",
        "saveHtml": true,
        "saveJson": true,
        "consoleReporter": "spec",
        "useInlineDiffs": false,
        "code": true
      },
      "version": "7.1.3"
    },
    "marge": {
      "options": null,
      "version": "6.2.0"
    }
  }
}