TN:
SF:app\controllers\employeeController.js
FN:5,(anonymous_0)
FN:20,(anonymous_1)
FN:39,(anonymous_2)
FN:68,(anonymous_3)
FN:89,(anonymous_4)
FNF:5
FNH:5
FNDA:2,(anonymous_0)
FNDA:2,(anonymous_1)
FNDA:3,(anonymous_2)
FNDA:3,(anonymous_3)
FNDA:3,(anonymous_4)
DA:1,1
DA:2,1
DA:5,1
DA:6,2
DA:7,2
DA:8,1
DA:9,0
DA:15,2
DA:20,1
DA:21,2
DA:22,2
DA:23,2
DA:27,1
DA:28,1
DA:34,1
DA:39,1
DA:40,3
DA:41,3
DA:42,3
DA:43,2
DA:44,1
DA:45,1
DA:46,1
DA:49,1
DA:50,1
DA:51,1
DA:52,1
DA:55,1
DA:56,1
DA:57,1
DA:63,1
DA:68,1
DA:69,3
DA:70,3
DA:71,3
DA:72,2
DA:73,1
DA:74,1
DA:75,1
DA:77,1
DA:78,1
DA:79,1
DA:84,1
DA:89,1
DA:90,3
DA:91,3
DA:92,3
DA:93,2
DA:94,1
DA:95,1
DA:96,1
DA:98,1
DA:99,1
DA:105,1
DA:108,1
LF:55
LH:54
BRDA:43,0,0,1
BRDA:43,0,1,1
BRDA:51,1,0,1
BRDA:51,1,1,0
BRDA:72,2,0,1
BRDA:72,2,1,1
BRDA:93,3,0,1
BRDA:93,3,1,1
BRF:8
BRH:7
end_of_record
TN:
SF:app\controllers\userController.js
FN:8,(anonymous_0)
FN:35,(anonymous_1)
FNF:2
FNH:2
FNDA:4,(anonymous_0)
FNDA:4,(anonymous_1)
DA:1,1
DA:2,1
DA:3,1
DA:4,1
DA:5,1
DA:8,1
DA:9,4
DA:10,4
DA:13,4
DA:16,3
DA:17,2
DA:18,2
DA:21,1
DA:23,1
DA:24,1
DA:30,1
DA:35,1
DA:36,4
DA:37,4
DA:39,4
DA:40,3
DA:41,1
DA:42,1
DA:45,2
DA:46,2
DA:48,2
DA:50,2
DA:51,1
DA:52,1
DA:55,1
DA:57,1
DA:65,1
DA:66,1
LF:33
LH:33
BRDA:16,0,0,2
BRDA:16,0,1,1
BRDA:16,1,0,3
BRDA:16,1,1,2
BRDA:40,2,0,1
BRDA:40,2,1,2
BRDA:50,3,0,1
BRDA:50,3,1,1
BRF:8
BRH:8
end_of_record
TN:
SF:app\database\configDB.js
FN:22,(anonymous_0)
FN:25,(anonymous_1)
FNF:2
FNH:1
FNDA:1,(anonymous_0)
FNDA:0,(anonymous_1)
DA:2,1
DA:3,1
DA:6,1
DA:9,1
DA:20,1
DA:23,1
DA:26,0
DA:30,1
LF:8
LH:7
BRF:0
BRH:0
end_of_record
TN:
SF:app\database\winstonConfig.js
FN:6,(anonymous_0)
FN:19,(anonymous_1)
FN:29,(anonymous_2)
FNF:3
FNH:1
FNDA:10,(anonymous_0)
FNDA:0,(anonymous_1)
FNDA:0,(anonymous_2)
DA:1,1
DA:2,1
DA:3,1
DA:6,1
DA:8,10
DA:9,0
DA:11,0
DA:18,0
DA:21,0
DA:25,10
DA:29,1
DA:30,0
DA:34,1
DA:48,1
DA:49,0
DA:57,1
LF:16
LH:10
BRDA:8,0,0,0
BRDA:8,0,1,10
BRDA:30,1,0,0
BRDA:30,1,1,0
BRDA:48,2,0,0
BRDA:48,2,1,1
BRF:6
BRH:2
end_of_record
TN:
SF:app\models\employeeModel.js
FNF:0
FNH:0
DA:1,1
DA:2,1
DA:3,1
DA:4,1
DA:7,1
DA:67,1
DA:68,1
DA:69,1
DA:70,1
LF:9
LH:9
BRF:0
BRH:0
end_of_record
TN:
SF:app\models\loggerModel.js
FNF:0
FNH:0
DA:1,1
DA:3,1
DA:5,1
DA:23,1
LF:4
LH:4
BRF:0
BRH:0
end_of_record
TN:
SF:app\models\officeModel.js
FNF:0
FNH:0
DA:1,1
DA:2,1
DA:4,1
DA:49,1
LF:4
LH:4
BRF:0
BRH:0
end_of_record
TN:
SF:app\models\permissionModel.js
FNF:0
FNH:0
DA:1,1
DA:2,1
DA:4,1
DA:22,1
LF:4
LH:4
BRF:0
BRH:0
end_of_record
TN:
SF:app\models\userModel.js
FNF:0
FNH:0
DA:1,1
DA:2,1
DA:3,1
DA:5,1
DA:30,1
DA:31,1
DA:34,1
LF:7
LH:7
BRF:0
BRH:0
end_of_record
