TN:
SF:app\controllers\customerController.js
FN:7,(anonymous_0)
FN:22,(anonymous_1)
FN:43,(anonymous_2)
FN:62,(anonymous_3)
FN:90,(anonymous_4)
FN:119,(anonymous_5)
FN:149,(anonymous_6)
FN:172,(anonymous_7)
FN:194,(anonymous_8)
FNF:9
FNH:3
FNDA:2,(anonymous_0)
FNDA:0,(anonymous_1)
FNDA:3,(anonymous_2)
FNDA:0,(anonymous_3)
FNDA:4,(anonymous_4)
FNDA:0,(anonymous_5)
FNDA:0,(anonymous_6)
FNDA:0,(anonymous_7)
FNDA:0,(anonymous_8)
DA:2,1
DA:3,1
DA:4,1
DA:7,1
DA:8,2
DA:9,2
DA:12,2
DA:13,0
DA:17,0
DA:18,0
DA:22,0
DA:24,0
DA:30,0
DA:31,0
DA:32,0
DA:38,2
DA:43,1
DA:48,3
DA:50,3
DA:52,3
DA:53,1
DA:54,1
DA:55,1
DA:57,2
DA:58,0
DA:62,0
DA:64,0
DA:65,0
DA:66,0
DA:67,0
DA:72,2
DA:78,1
DA:79,1
DA:85,1
DA:90,1
DA:91,4
DA:97,4
DA:98,4
DA:99,4
DA:101,3
DA:102,1
DA:103,1
DA:104,1
DA:108,2
DA:109,1
DA:110,1
DA:111,1
DA:114,1
DA:115,0
DA:119,0
DA:121,0
DA:122,0
DA:123,0
DA:124,0
DA:129,1
DA:130,12
DA:131,1
DA:136,1
DA:137,1
DA:138,1
DA:144,1
DA:149,1
DA:150,0
DA:152,0
DA:153,0
DA:154,0
DA:155,0
DA:156,0
DA:157,0
DA:161,0
DA:162,0
DA:163,0
DA:164,0
DA:167,0
DA:168,0
DA:172,0
DA:174,0
DA:175,0
DA:176,0
DA:177,0
DA:182,0
DA:183,0
DA:184,0
DA:189,0
DA:194,1
DA:195,0
DA:196,0
DA:198,0
DA:200,0
DA:211,0
DA:212,0
DA:213,0
DA:214,0
DA:218,0
DA:221,0
DA:222,0
DA:223,0
DA:226,0
DA:227,0
DA:233,0
DA:238,1
LF:101
LH:44
BRDA:12,0,0,0
BRDA:12,0,1,0
BRDA:17,1,0,0
BRDA:17,1,1,0
BRDA:52,2,0,1
BRDA:52,2,1,2
BRDA:52,3,0,3
BRDA:52,3,1,1
BRDA:57,4,0,0
BRDA:57,4,1,2
BRDA:64,5,0,0
BRDA:64,5,1,0
BRDA:101,6,0,1
BRDA:101,6,1,2
BRDA:108,7,0,1
BRDA:108,7,1,1
BRDA:108,8,0,2
BRDA:108,8,1,1
BRDA:114,9,0,0
BRDA:114,9,1,1
BRDA:121,10,0,0
BRDA:121,10,1,0
BRDA:130,11,0,1
BRDA:130,11,1,11
BRDA:154,12,0,0
BRDA:154,12,1,0
BRDA:161,13,0,0
BRDA:161,13,1,0
BRDA:167,14,0,0
BRDA:167,14,1,0
BRDA:174,15,0,0
BRDA:174,15,1,0
BRDA:211,16,0,0
BRDA:211,16,1,0
BRDA:218,17,0,0
BRDA:218,17,1,0
BRDA:218,18,0,0
BRDA:218,18,1,0
BRDA:218,18,2,0
BRDA:218,18,3,0
BRF:40
BRH:14
end_of_record
TN:
SF:app\controllers\employeeController.js
FN:5,(anonymous_0)
FN:20,(anonymous_1)
FN:39,(anonymous_2)
FN:68,(anonymous_3)
FN:89,(anonymous_4)
FNF:5
FNH:5
FNDA:2,(anonymous_0)
FNDA:2,(anonymous_1)
FNDA:3,(anonymous_2)
FNDA:3,(anonymous_3)
FNDA:3,(anonymous_4)
DA:1,1
DA:2,1
DA:5,1
DA:6,2
DA:7,2
DA:8,1
DA:9,0
DA:15,2
DA:20,1
DA:21,2
DA:22,2
DA:23,2
DA:27,1
DA:28,1
DA:34,1
DA:39,1
DA:40,3
DA:41,3
DA:42,3
DA:43,2
DA:44,1
DA:45,1
DA:46,1
DA:49,1
DA:50,1
DA:51,1
DA:52,1
DA:55,1
DA:56,1
DA:57,1
DA:63,1
DA:68,1
DA:69,3
DA:70,3
DA:71,3
DA:72,2
DA:73,1
DA:74,1
DA:75,1
DA:77,1
DA:78,1
DA:79,1
DA:84,1
DA:89,1
DA:90,3
DA:91,3
DA:92,3
DA:93,2
DA:94,1
DA:95,1
DA:96,1
DA:98,1
DA:99,1
DA:105,1
DA:108,1
LF:55
LH:54
BRDA:43,0,0,1
BRDA:43,0,1,1
BRDA:51,1,0,1
BRDA:51,1,1,0
BRDA:72,2,0,1
BRDA:72,2,1,1
BRDA:93,3,0,1
BRDA:93,3,1,1
BRF:8
BRH:7
end_of_record
TN:
SF:app\controllers\userController.js
FN:8,(anonymous_0)
FN:35,(anonymous_1)
FNF:2
FNH:2
FNDA:4,(anonymous_0)
FNDA:4,(anonymous_1)
DA:1,1
DA:2,1
DA:3,1
DA:4,1
DA:5,1
DA:8,1
DA:9,4
DA:10,4
DA:13,4
DA:16,3
DA:17,2
DA:18,2
DA:21,1
DA:23,1
DA:24,1
DA:30,1
DA:35,1
DA:36,4
DA:37,4
DA:39,4
DA:40,3
DA:41,1
DA:42,1
DA:45,2
DA:46,2
DA:48,2
DA:50,2
DA:51,1
DA:52,1
DA:55,1
DA:57,1
DA:65,1
DA:66,1
LF:33
LH:33
BRDA:16,0,0,2
BRDA:16,0,1,1
BRDA:16,1,0,3
BRDA:16,1,1,2
BRDA:40,2,0,1
BRDA:40,2,1,2
BRDA:50,3,0,1
BRDA:50,3,1,1
BRF:8
BRH:8
end_of_record
TN:
SF:app\database\configDB.js
FN:22,(anonymous_0)
FN:25,(anonymous_1)
FNF:2
FNH:1
FNDA:1,(anonymous_0)
FNDA:0,(anonymous_1)
DA:2,1
DA:3,1
DA:6,1
DA:9,1
DA:20,1
DA:23,1
DA:26,0
DA:30,1
LF:8
LH:7
BRF:0
BRH:0
end_of_record
TN:
SF:app\database\winstonConfig.js
FN:6,(anonymous_0)
FN:19,(anonymous_1)
FN:29,(anonymous_2)
FNF:3
FNH:1
FNDA:12,(anonymous_0)
FNDA:0,(anonymous_1)
FNDA:0,(anonymous_2)
DA:1,1
DA:2,1
DA:3,1
DA:6,1
DA:8,12
DA:9,0
DA:11,0
DA:18,0
DA:21,0
DA:25,12
DA:29,1
DA:30,0
DA:34,1
DA:48,1
DA:49,0
DA:57,1
LF:16
LH:10
BRDA:8,0,0,0
BRDA:8,0,1,12
BRDA:30,1,0,0
BRDA:30,1,1,0
BRDA:48,2,0,0
BRDA:48,2,1,1
BRF:6
BRH:2
end_of_record
TN:
SF:app\models\customerModel.js
FNF:0
FNH:0
DA:1,1
DA:2,1
DA:3,1
DA:5,1
DA:72,1
DA:76,1
LF:6
LH:6
BRF:0
BRH:0
end_of_record
TN:
SF:app\models\employeeModel.js
FNF:0
FNH:0
DA:1,1
DA:2,1
DA:3,1
DA:4,1
DA:7,1
DA:67,1
DA:68,1
DA:69,1
DA:70,1
LF:9
LH:9
BRF:0
BRH:0
end_of_record
TN:
SF:app\models\index.js
FNF:0
FNH:0
DA:2,1
DA:5,1
DA:8,1
DA:11,1
DA:14,1
DA:17,1
DA:20,1
LF:7
LH:7
BRF:0
BRH:0
end_of_record
TN:
SF:app\models\loggerModel.js
FNF:0
FNH:0
DA:1,1
DA:3,1
DA:5,1
DA:23,1
LF:4
LH:4
BRF:0
BRH:0
end_of_record
TN:
SF:app\models\officeModel.js
FNF:0
FNH:0
DA:1,1
DA:2,1
DA:4,1
DA:49,1
LF:4
LH:4
BRF:0
BRH:0
end_of_record
TN:
SF:app\models\permissionModel.js
FNF:0
FNH:0
DA:1,1
DA:2,1
DA:4,1
DA:22,1
LF:4
LH:4
BRF:0
BRH:0
end_of_record
TN:
SF:app\models\userModel.js
FNF:0
FNH:0
DA:1,1
DA:2,1
DA:3,1
DA:5,1
DA:30,1
DA:31,1
DA:34,1
LF:7
LH:7
BRF:0
BRH:0
end_of_record
